* using log directory ‘/Users/jiang/MY_RUC/Rcoding/Rcpp/measError.Rcheck’
* using R version 4.5.0 (2025-04-11)
* using platform: aarch64-apple-darwin20
* R was compiled by
    Apple clang version 14.0.0 (clang-1400.0.29.202)
    GNU Fortran (GCC) 14.2.0
* running under: macOS Sequoia 15.7.1
* using session charset: UTF-8
* using option ‘--as-cran’
* checking for file ‘measError/DESCRIPTION’ ... OK
* checking extension type ... Package
* this is package ‘measError’ version ‘1.0’
* checking CRAN incoming feasibility ... [2s/68s] NOTE
Maintainer: ‘Who to complain to <yourfault@somewhere.net>’

New submission

Non-FOSS package license (What license is it under?)

No Authors@R field in DESCRIPTION.
Please add one, modifying
  Authors@R: c(person(given = c("Who", "wrote"),
                      family = "it",
                      role = "aut"),
               person(given = c("Who", "to", "complain"),
                      family = "to",
                      role = "cre",
                      email = "yourfault@somewhere.net"))
as necessary.

DESCRIPTION fields with placeholder content:
  Title: what the package does (short line)
  Author: Who wrote it
  Maintainer: Who to complain to <yourfault@somewhere.net>
  Description: more about what it does (maybe more than one line).
* checking package namespace information ... OK
* checking package dependencies ... OK
* checking if this is a source package ... OK
* checking if there is a namespace ... OK
* checking for executable files ... OK
* checking for hidden files and directories ... OK
* checking for portable file names ... OK
* checking for sufficient/correct file permissions ... OK
* checking serialization versions ... OK
* checking whether package ‘measError’ can be installed ... OK
* used C++ compiler: ‘Apple clang version 17.0.0 (clang-1700.0.13.5)’
* used SDK: ‘’
* checking installed package size ... OK
* checking package directory ... OK
* checking for future file timestamps ... OK
* checking DESCRIPTION meta-information ... NOTE
非标准执照规格
  What license is it under?
可以标准化：FALSE
* checking top-level files ... OK
* checking for left-over files ... OK
* checking index information ... OK
* checking package subdirectories ... OK
* checking code files for non-ASCII characters ... OK
* checking R files for syntax errors ... OK
* checking whether the package can be loaded ... OK
* checking whether the package can be loaded with stated dependencies ... OK
* checking whether the package can be unloaded cleanly ... OK
* checking whether the namespace can be loaded with stated dependencies ... OK
* checking whether the namespace can be unloaded cleanly ... OK
* checking use of S3 registration ... OK
* checking dependencies in R code ... OK
* checking S3 generic/method consistency ... OK
* checking replacement functions ... OK
* checking foreign function calls ... OK
* checking R code for possible problems ... NOTE
getData: no visible global function definition for ‘runif’
getData: no visible global function definition for ‘rnorm’
Undefined global functions or variables:
  rnorm runif
Consider adding
  importFrom("stats", "rnorm", "runif")
to your NAMESPACE file.
* checking Rd files ... NOTE
prepare_Rd: measError-package.Rd:11-14: Dropping empty section \details
prepare_Rd: measError-package.Rd:20-22: Dropping empty section \references
prepare_Rd: measError-package.Rd:29-32: Dropping empty section \seealso
prepare_Rd: measError-package.Rd:33-35: Dropping empty section \examples
* checking Rd metadata ... OK
* checking Rd line widths ... OK
* checking Rd cross-references ... OK
* checking for missing documentation entries ... WARNING
未公开的编码对象:
  ‘correctedRegression’ ‘getData’ ‘naiveRegression’
All user-level objects in a package should have documentation entries.
See chapter ‘Writing R documentation files’ in the ‘Writing R
Extensions’ manual.
* checking for code/documentation mismatches ... OK
* checking Rd \usage sections ... OK
* checking Rd contents ... OK
* checking for unstated dependencies in examples ... OK
* checking line endings in C/C++/Fortran sources/headers ... OK
* checking line endings in Makefiles ... OK
* checking compilation flags in Makevars ... OK
* checking for GNU extensions in Makefiles ... OK
* checking for portable use of $(BLAS_LIBS) and $(LAPACK_LIBS) ... OK
* checking use of PKG_*FLAGS in Makefiles ... OK
* checking use of SHLIB_OPENMP_*FLAGS in Makefiles ... OK
* checking pragmas in C/C++ headers and code ... OK
* checking compilation flags used ... OK
* checking compiled code ... OK
* checking examples ... NONE
* checking PDF version of manual ... WARNING
LaTeX errors when creating PDF version.
This typically indicates Rd problems.
* checking PDF version of manual without index ... ERROR
Re-running with no redirection of stdout/stderr.
* checking HTML version of manual ... NOTE
Skipping checking HTML validation: 'tidy' doesn't look like recent enough HTML Tidy.
Please obtain a recent version of HTML Tidy by downloading a binary
release or compiling the source code from <https://www.html-tidy.org/>.
* checking for code which exercises the package ... WARNING
No examples, no tests, no vignettes
* checking for non-standard things in the check directory ... NOTE
Found the following files/directories:
  ‘measError-manual.tex’
* checking for detritus in the temp directory ... OK
* DONE
Status: 1 ERROR, 3 WARNINGs, 6 NOTEs
